[24-05-2020 06:26:07] PayPal\Core\PayPalHttpConnection : INFO: POST https://api.sandbox.paypal.com/v1/oauth2/token
[24-05-2020 06:26:08] PayPal\Core\PayPalHttpConnection : DEBUG: Request Headers 	: POST /v1/oauth2/token HTTP/1.1, Host: api.sandbox.paypal.com, User-Agent: PayPalSDK/PayPal-PHP-SDK 1.14.0 (platform-ver=7.3.14; bit=64; os=Linux_3.10.0-1062.9.1.el7.x86_64; machine=x86_64; crypto-lib-ver=1.0.2k; curl=7.29.0), Authorization: Basic Og==, Accept: */*, Content-Length: 29, Content-Type: application/x-www-form-urlencoded, , 
[24-05-2020 06:26:08] PayPal\Core\PayPalHttpConnection : DEBUG: Request Data		: grant_type=client_credentials
--------------------------------------------------------------------------------------------------------------------------------

[24-05-2020 06:26:08] PayPal\Core\PayPalHttpConnection : INFO: Response Status 	: 401
[24-05-2020 06:26:08] PayPal\Core\PayPalHttpConnection : DEBUG: Response Headers	: Cache-Control: max-age=0, no-cache, no-store, must-revalidate, Content-Length: 77, Content-Type: application/json, Date: Sun, 24 May 2020 06:26:08 GMT, Paypal-Debug-Id: 372a6a0b7babd, X-Paypal-Token-Service: IAAS, 
[24-05-2020 06:26:08] PayPal\Core\PayPalHttpConnection : ERROR: Got Http response code 401 when accessing https://api.sandbox.paypal.com/v1/oauth2/token. {"error":"invalid_client","error_description":"Client Authentication failed"}
[24-05-2020 06:26:08] PayPal\Core\PayPalHttpConnection : DEBUG: 

================================================================================================================================

[24-05-2020 06:36:28] PayPal\Core\PayPalHttpConnection : INFO: POST https://api.sandbox.paypal.com/v1/oauth2/token
[24-05-2020 06:36:29] PayPal\Core\PayPalHttpConnection : DEBUG: Request Headers 	: POST /v1/oauth2/token HTTP/1.1, Host: api.sandbox.paypal.com, User-Agent: PayPalSDK/PayPal-PHP-SDK 1.14.0 (platform-ver=7.3.14; bit=64; os=Linux_3.10.0-1062.9.1.el7.x86_64; machine=x86_64; crypto-lib-ver=1.0.2k; curl=7.29.0), Authorization: Basic Og==, Accept: */*, Content-Length: 29, Content-Type: application/x-www-form-urlencoded, , 
[24-05-2020 06:36:29] PayPal\Core\PayPalHttpConnection : DEBUG: Request Data		: grant_type=client_credentials
--------------------------------------------------------------------------------------------------------------------------------

[24-05-2020 06:36:29] PayPal\Core\PayPalHttpConnection : INFO: Response Status 	: 401
[24-05-2020 06:36:29] PayPal\Core\PayPalHttpConnection : DEBUG: Response Headers	: Cache-Control: max-age=0, no-cache, no-store, must-revalidate, Content-Length: 77, Content-Type: application/json, Date: Sun, 24 May 2020 06:36:28 GMT, Paypal-Debug-Id: eabfc08d528e9, X-Paypal-Token-Service: IAAS, 
[24-05-2020 06:36:29] PayPal\Core\PayPalHttpConnection : ERROR: Got Http response code 401 when accessing https://api.sandbox.paypal.com/v1/oauth2/token. {"error":"invalid_client","error_description":"Client Authentication failed"}
[24-05-2020 06:36:29] PayPal\Core\PayPalHttpConnection : DEBUG: 

================================================================================================================================

[24-05-2020 06:37:15] PayPal\Core\PayPalHttpConnection : INFO: POST https://api.sandbox.paypal.com/v1/oauth2/token
[24-05-2020 06:37:16] PayPal\Core\PayPalHttpConnection : DEBUG: Request Headers 	: POST /v1/oauth2/token HTTP/1.1, Host: api.sandbox.paypal.com, User-Agent: PayPalSDK/PayPal-PHP-SDK 1.14.0 (platform-ver=7.3.14; bit=64; os=Linux_3.10.0-1062.9.1.el7.x86_64; machine=x86_64; crypto-lib-ver=1.0.2k; curl=7.29.0), Authorization: Basic Og==, Accept: */*, Content-Length: 29, Content-Type: application/x-www-form-urlencoded, , 
[24-05-2020 06:37:16] PayPal\Core\PayPalHttpConnection : DEBUG: Request Data		: grant_type=client_credentials
--------------------------------------------------------------------------------------------------------------------------------

[24-05-2020 06:37:16] PayPal\Core\PayPalHttpConnection : INFO: Response Status 	: 401
[24-05-2020 06:37:16] PayPal\Core\PayPalHttpConnection : DEBUG: Response Headers	: Cache-Control: max-age=0, no-cache, no-store, must-revalidate, Content-Length: 77, Content-Type: application/json, Date: Sun, 24 May 2020 06:37:16 GMT, Paypal-Debug-Id: c9c7a3db89a90, X-Paypal-Token-Service: IAAS, 
[24-05-2020 06:37:16] PayPal\Core\PayPalHttpConnection : ERROR: Got Http response code 401 when accessing https://api.sandbox.paypal.com/v1/oauth2/token. {"error":"invalid_client","error_description":"Client Authentication failed"}
[24-05-2020 06:37:16] PayPal\Core\PayPalHttpConnection : DEBUG: 

================================================================================================================================

[24-05-2020 06:37:26] PayPal\Core\PayPalHttpConnection : INFO: POST https://api.sandbox.paypal.com/v1/oauth2/token
[24-05-2020 06:37:27] PayPal\Core\PayPalHttpConnection : DEBUG: Request Headers 	: POST /v1/oauth2/token HTTP/1.1, Host: api.sandbox.paypal.com, User-Agent: PayPalSDK/PayPal-PHP-SDK 1.14.0 (platform-ver=7.3.14; bit=64; os=Linux_3.10.0-1062.9.1.el7.x86_64; machine=x86_64; crypto-lib-ver=1.0.2k; curl=7.29.0), Authorization: Basic Og==, Accept: */*, Content-Length: 29, Content-Type: application/x-www-form-urlencoded, , 
[24-05-2020 06:37:27] PayPal\Core\PayPalHttpConnection : DEBUG: Request Data		: grant_type=client_credentials
--------------------------------------------------------------------------------------------------------------------------------

[24-05-2020 06:37:27] PayPal\Core\PayPalHttpConnection : INFO: Response Status 	: 401
[24-05-2020 06:37:27] PayPal\Core\PayPalHttpConnection : DEBUG: Response Headers	: Cache-Control: max-age=0, no-cache, no-store, must-revalidate, Content-Length: 77, Content-Type: application/json, Date: Sun, 24 May 2020 06:37:26 GMT, Paypal-Debug-Id: 6ba8634ca2c82, X-Paypal-Token-Service: IAAS, 
[24-05-2020 06:37:27] PayPal\Core\PayPalHttpConnection : ERROR: Got Http response code 401 when accessing https://api.sandbox.paypal.com/v1/oauth2/token. {"error":"invalid_client","error_description":"Client Authentication failed"}
[24-05-2020 06:37:27] PayPal\Core\PayPalHttpConnection : DEBUG: 

================================================================================================================================

[24-05-2020 06:37:39] PayPal\Core\PayPalHttpConnection : INFO: POST https://api.sandbox.paypal.com/v1/oauth2/token
[24-05-2020 06:37:39] PayPal\Core\PayPalHttpConnection : DEBUG: Request Headers 	: POST /v1/oauth2/token HTTP/1.1, Host: api.sandbox.paypal.com, User-Agent: PayPalSDK/PayPal-PHP-SDK 1.14.0 (platform-ver=7.3.14; bit=64; os=Linux_3.10.0-1062.9.1.el7.x86_64; machine=x86_64; crypto-lib-ver=1.0.2k; curl=7.29.0), Authorization: Basic Og==, Accept: */*, Content-Length: 29, Content-Type: application/x-www-form-urlencoded, , 
[24-05-2020 06:37:39] PayPal\Core\PayPalHttpConnection : DEBUG: Request Data		: grant_type=client_credentials
--------------------------------------------------------------------------------------------------------------------------------

[24-05-2020 06:37:39] PayPal\Core\PayPalHttpConnection : INFO: Response Status 	: 401
[24-05-2020 06:37:39] PayPal\Core\PayPalHttpConnection : DEBUG: Response Headers	: Cache-Control: max-age=0, no-cache, no-store, must-revalidate, Content-Length: 77, Content-Type: application/json, Date: Sun, 24 May 2020 06:37:39 GMT, Paypal-Debug-Id: a5fb46d7b7361, X-Paypal-Token-Service: IAAS, 
[24-05-2020 06:37:39] PayPal\Core\PayPalHttpConnection : ERROR: Got Http response code 401 when accessing https://api.sandbox.paypal.com/v1/oauth2/token. {"error":"invalid_client","error_description":"Client Authentication failed"}
[24-05-2020 06:37:39] PayPal\Core\PayPalHttpConnection : DEBUG: 

================================================================================================================================

[24-05-2020 06:39:51] PayPal\Core\PayPalHttpConnection : INFO: POST https://api.sandbox.paypal.com/v1/oauth2/token
[24-05-2020 06:39:52] PayPal\Core\PayPalHttpConnection : DEBUG: Request Headers 	: POST /v1/oauth2/token HTTP/1.1, Host: api.sandbox.paypal.com, User-Agent: PayPalSDK/PayPal-PHP-SDK 1.14.0 (platform-ver=7.3.14; bit=64; os=Linux_3.10.0-1062.9.1.el7.x86_64; machine=x86_64; crypto-lib-ver=1.0.2k; curl=7.29.0), Authorization: Basic Og==, Accept: */*, Content-Length: 29, Content-Type: application/x-www-form-urlencoded, , 
[24-05-2020 06:39:52] PayPal\Core\PayPalHttpConnection : DEBUG: Request Data		: grant_type=client_credentials
--------------------------------------------------------------------------------------------------------------------------------

[24-05-2020 06:39:52] PayPal\Core\PayPalHttpConnection : INFO: Response Status 	: 401
[24-05-2020 06:39:52] PayPal\Core\PayPalHttpConnection : DEBUG: Response Headers	: Cache-Control: max-age=0, no-cache, no-store, must-revalidate, Content-Length: 77, Content-Type: application/json, Date: Sun, 24 May 2020 06:39:52 GMT, Paypal-Debug-Id: c3485c7094fae, X-Paypal-Token-Service: IAAS, 
[24-05-2020 06:39:52] PayPal\Core\PayPalHttpConnection : ERROR: Got Http response code 401 when accessing https://api.sandbox.paypal.com/v1/oauth2/token. {"error":"invalid_client","error_description":"Client Authentication failed"}
[24-05-2020 06:39:52] PayPal\Core\PayPalHttpConnection : DEBUG: 

================================================================================================================================

[24-05-2020 06:40:10] PayPal\Core\PayPalHttpConnection : INFO: POST https://api.sandbox.paypal.com/v1/oauth2/token
[24-05-2020 06:40:11] PayPal\Core\PayPalHttpConnection : DEBUG: Request Headers 	: POST /v1/oauth2/token HTTP/1.1, Host: api.sandbox.paypal.com, User-Agent: PayPalSDK/PayPal-PHP-SDK 1.14.0 (platform-ver=7.3.14; bit=64; os=Linux_3.10.0-1062.9.1.el7.x86_64; machine=x86_64; crypto-lib-ver=1.0.2k; curl=7.29.0), Authorization: Basic Og==, Accept: */*, Content-Length: 29, Content-Type: application/x-www-form-urlencoded, , 
[24-05-2020 06:40:11] PayPal\Core\PayPalHttpConnection : DEBUG: Request Data		: grant_type=client_credentials
--------------------------------------------------------------------------------------------------------------------------------

[24-05-2020 06:40:11] PayPal\Core\PayPalHttpConnection : INFO: Response Status 	: 401
[24-05-2020 06:40:11] PayPal\Core\PayPalHttpConnection : DEBUG: Response Headers	: Cache-Control: max-age=0, no-cache, no-store, must-revalidate, Content-Length: 77, Content-Type: application/json, Date: Sun, 24 May 2020 06:40:10 GMT, Paypal-Debug-Id: 1f2e01c70fefa, X-Paypal-Token-Service: IAAS, 
[24-05-2020 06:40:11] PayPal\Core\PayPalHttpConnection : ERROR: Got Http response code 401 when accessing https://api.sandbox.paypal.com/v1/oauth2/token. {"error":"invalid_client","error_description":"Client Authentication failed"}
[24-05-2020 06:40:11] PayPal\Core\PayPalHttpConnection : DEBUG: 

================================================================================================================================

[24-05-2020 06:44:36] PayPal\Core\PayPalHttpConnection : INFO: POST https://api.sandbox.paypal.com/v1/oauth2/token
[24-05-2020 06:44:36] PayPal\Core\PayPalHttpConnection : DEBUG: Request Headers 	: POST /v1/oauth2/token HTTP/1.1, Host: api.sandbox.paypal.com, User-Agent: PayPalSDK/PayPal-PHP-SDK 1.14.0 (platform-ver=7.3.14; bit=64; os=Linux_3.10.0-1062.9.1.el7.x86_64; machine=x86_64; crypto-lib-ver=1.0.2k; curl=7.29.0), Authorization: Basic Og==, Accept: */*, Content-Length: 29, Content-Type: application/x-www-form-urlencoded, , 
[24-05-2020 06:44:36] PayPal\Core\PayPalHttpConnection : DEBUG: Request Data		: grant_type=client_credentials
--------------------------------------------------------------------------------------------------------------------------------

[24-05-2020 06:44:36] PayPal\Core\PayPalHttpConnection : INFO: Response Status 	: 401
[24-05-2020 06:44:36] PayPal\Core\PayPalHttpConnection : DEBUG: Response Headers	: Cache-Control: max-age=0, no-cache, no-store, must-revalidate, Content-Length: 77, Content-Type: application/json, Date: Sun, 24 May 2020 06:44:36 GMT, Paypal-Debug-Id: 815ff3ef8cf20, X-Paypal-Token-Service: IAAS, 
[24-05-2020 06:44:36] PayPal\Core\PayPalHttpConnection : ERROR: Got Http response code 401 when accessing https://api.sandbox.paypal.com/v1/oauth2/token. {"error":"invalid_client","error_description":"Client Authentication failed"}
[24-05-2020 06:44:36] PayPal\Core\PayPalHttpConnection : DEBUG: 

================================================================================================================================

[24-05-2020 06:47:39] PayPal\Core\PayPalHttpConnection : INFO: POST https://api.sandbox.paypal.com/v1/oauth2/token
[24-05-2020 06:47:40] PayPal\Core\PayPalHttpConnection : DEBUG: Request Headers 	: POST /v1/oauth2/token HTTP/1.1, Host: api.sandbox.paypal.com, User-Agent: PayPalSDK/PayPal-PHP-SDK 1.14.0 (platform-ver=7.3.14; bit=64; os=Linux_3.10.0-1062.9.1.el7.x86_64; machine=x86_64; crypto-lib-ver=1.0.2k; curl=7.29.0), Authorization: Basic, Accept: */*, Content-Length: 29, Content-Type: application/x-www-form-urlencoded, , 
[24-05-2020 06:47:40] PayPal\Core\PayPalHttpConnection : DEBUG: Request Data		: grant_type=client_credentials
--------------------------------------------------------------------------------------------------------------------------------

[24-05-2020 06:47:40] PayPal\Core\PayPalHttpConnection : INFO: Response Status 	: 200
[24-05-2020 06:47:40] PayPal\Core\PayPalHttpConnection : DEBUG: Response Headers	: Cache-Control: max-age=0, no-cache, no-store, must-revalidate, Content-Length: 918, Content-Type: application/json, Date: Sun, 24 May 2020 06:47:39 GMT, Paypal-Debug-Id: 12b1323a41d7b, X-Paypal-Token-Service: IAAS, 
[24-05-2020 06:47:40] PayPal\Core\PayPalHttpConnection : DEBUG: Response Data 	: {"scope":"https://uri.paypal.com/services/invoicing https://uri.paypal.com/services/disputes/read-buyer https://uri.paypal.com/services/payments/realtimepayment https://uri.paypal.com/services/disputes/update-seller https://uri.paypal.com/services/payments/payment/authcapture openid https://uri.paypal.com/services/disputes/read-seller https://uri.paypal.com/services/payments/refund https://api.paypal.com/v1/vault/credit-card https://api.paypal.com/v1/payments/.* https://uri.paypal.com/payments/payouts https://api.paypal.com/v1/vault/credit-card/.* https://uri.paypal.com/services/subscriptions https://uri.paypal.com/services/applications/webhooks","access_token":"A21AAGlwjp7nh6bDzZ8k0E5JImaiTzWS12RMG9gi7L5zyW4qOjHsqw3iOnTEwu5uBWqmvrIAPWo28T3L0jL-XBcc9TDecEvtA","token_type":"Bearer","app_id":"APP-80W284485P519543T","expires_in":32400,"nonce":"2020-05-24T06:47:40ZUfWFwg_yQVTFAjDmiczDr0Xueu-Ru7NJobI_lXyuHOw"}

================================================================================================================================

[24-05-2020 06:48:49] PayPal\Core\PayPalHttpConnection : INFO: Response Status 	: 200
[24-05-2020 06:48:49] PayPal\Core\PayPalHttpConnection : DEBUG: Response Headers	: Cache-Control: max-age=0, no-cache, no-store, must-revalidate, Content-Length: 918, Content-Type: application/json, Date: Sun, 24 May 2020 06:48:49 GMT, Paypal-Debug-Id: dfd1575469ff6, X-Paypal-Token-Service: IAAS, 
[24-05-2020 06:48:49] PayPal\Core\PayPalHttpConnection : DEBUG: Response Data 	: {"scope":"https://uri.paypal.com/services/invoicing https://uri.paypal.com/services/disputes/read-buyer https://uri.paypal.com/services/payments/realtimepayment https://uri.paypal.com/services/disputes/update-seller https://uri.paypal.com/services/payments/payment/authcapture openid https://uri.paypal.com/services/disputes/read-seller https://uri.paypal.com/services/payments/refund https://api.paypal.com/v1/vault/credit-card https://api.paypal.com/v1/payments/.* https://uri.paypal.com/payments/payouts https://api.paypal.com/v1/vault/credit-card/.* https://uri.paypal.com/services/subscriptions https://uri.paypal.com/services/applications/webhooks","access_token":"A21AAGlwjp7nh6bDzZ8k0E5JImaiTzWS12RMG9gi7L5zyW4qOjHsqw3iOnTEwu5uBWqmvrIAPWo28T3L0jL-XBcc9TDecEvtA","token_type":"Bearer","app_id":"APP-80W284485P519543T","expires_in":32331,"nonce":"2020-05-24T06:47:40ZUfWFwg_yQVTFAjDmiczDr0Xueu-Ru7NJobI_lXyuHOw"}

================================================================================================================================

[24-05-2020 06:48:49] PayPal\Core\PayPalHttpConnection : INFO: POST https://api.sandbox.paypal.com/v1/payments/payment
[24-05-2020 06:48:50] PayPal\Core\PayPalHttpConnection : DEBUG: Request Headers 	: POST /v1/payments/payment HTTP/1.1, Host: api.sandbox.paypal.com, Accept: */*, Content-Type: application/json, User-Agent: PayPalSDK/PayPal-PHP-SDK 1.14.0 (platform-ver=7.3.14; bit=64; os=Linux_3.10.0-1062.9.1.el7.x86_64; machine=x86_64; crypto-lib-ver=1.0.2k; curl=7.29.0), Authorization: Bearer A21AAGlwjp7nh6bDzZ8k0E5JImaiTzWS12RMG9gi7L5zyW4qOjHsqw3iOnTEwu5uBWqmvrIAPWo28T3L0jL-XBcc9TDecEvtA, Content-Length: 464, , 
[24-05-2020 06:48:50] PayPal\Core\PayPalHttpConnection : DEBUG: Request Data		: {"intent":"sale","payer":{"payment_method":"paypal"},"redirect_urls":{"return_url":"https://docbooking.demodl.pro/index.php/checkout/payment/success","cancel_url":"https://docbooking.demodl.pro/index.php/checkout/payment/failure"},"transactions":[{"amount":{"currency":"EUR","total":"80","details":{"tax":"0","subtotal":"80"}},"item_list":{"items":[{"name":"booking","currency":"EUR","quantity":1,"sku":"booking","price":"80"}]},"invoice_number":"5eca18d0e29a3"}]}
--------------------------------------------------------------------------------------------------------------------------------

[24-05-2020 06:48:50] PayPal\Core\PayPalHttpConnection : INFO: Response Status 	: 201
[24-05-2020 06:48:50] PayPal\Core\PayPalHttpConnection : DEBUG: Response Headers	: Cache-Control: max-age=0, no-cache, no-store, must-revalidate, Content-Language: *, Content-Length: 825, Content-Type: application/json, Date: Sun, 24 May 2020 06:48:50 GMT, Paypal-Debug-Id: 37873a31dfca0, 
[24-05-2020 06:48:50] PayPal\Core\PayPalHttpConnection : DEBUG: Response Data 	: {"id":"PAYID-L3FBRUQ0AB79064NC216040C","intent":"sale","state":"created","payer":{"payment_method":"paypal"},"transactions":[{"amount":{"total":"80.00","currency":"EUR","details":{"subtotal":"80.00","tax":"0.00"}},"invoice_number":"5eca18d0e29a3","item_list":{"items":[{"name":"booking","sku":"booking","price":"80.00","currency":"EUR","quantity":1}]},"related_resources":[]}],"create_time":"2020-05-24T06:48:50Z","links":[{"href":"https://api.sandbox.paypal.com/v1/payments/payment/PAYID-L3FBRUQ0AB79064NC216040C","rel":"self","method":"GET"},{"href":"https://www.sandbox.paypal.com/cgi-bin/webscr?cmd=_express-checkout&token=EC-6C594678ET943381V","rel":"approval_url","method":"REDIRECT"},{"href":"https://api.sandbox.paypal.com/v1/payments/payment/PAYID-L3FBRUQ0AB79064NC216040C/execute","rel":"execute","method":"POST"}]}

================================================================================================================================

[24-05-2020 06:51:21] PayPal\Core\PayPalHttpConnection : INFO: POST https://api.sandbox.paypal.com/v1/payments/payment
[24-05-2020 06:51:22] PayPal\Core\PayPalHttpConnection : DEBUG: Request Headers 	: POST /v1/payments/payment HTTP/1.1, Host: api.sandbox.paypal.com, Accept: */*, Content-Type: application/json, User-Agent: PayPalSDK/PayPal-PHP-SDK 1.14.0 (platform-ver=7.3.14; bit=64; os=Linux_3.10.0-1062.9.1.el7.x86_64; machine=x86_64; crypto-lib-ver=1.0.2k; curl=7.29.0), Authorization: Bearer A21AAGlwjp7nh6bDzZ8k0E5JImaiTzWS12RMG9gi7L5zyW4qOjHsqw3iOnTEwu5uBWqmvrIAPWo28T3L0jL-XBcc9TDecEvtA, Content-Length: 464, , 
[24-05-2020 06:51:22] PayPal\Core\PayPalHttpConnection : DEBUG: Request Data		: {"intent":"sale","payer":{"payment_method":"paypal"},"redirect_urls":{"return_url":"https://docbooking.demodl.pro/index.php/checkout/payment/success","cancel_url":"https://docbooking.demodl.pro/index.php/checkout/payment/failure"},"transactions":[{"amount":{"currency":"EUR","total":"80","details":{"tax":"0","subtotal":"80"}},"item_list":{"items":[{"name":"booking","currency":"EUR","quantity":1,"sku":"booking","price":"80"}]},"invoice_number":"5eca19692a3b0"}]}
--------------------------------------------------------------------------------------------------------------------------------

[24-05-2020 06:51:22] PayPal\Core\PayPalHttpConnection : INFO: Response Status 	: 201
[24-05-2020 06:51:22] PayPal\Core\PayPalHttpConnection : DEBUG: Response Headers	: Cache-Control: max-age=0, no-cache, no-store, must-revalidate, Content-Language: *, Content-Length: 825, Content-Type: application/json, Date: Sun, 24 May 2020 06:51:22 GMT, Paypal-Debug-Id: d06762e9b52e4, 
[24-05-2020 06:51:22] PayPal\Core\PayPalHttpConnection : DEBUG: Response Data 	: {"id":"PAYID-L3FBS2Q82A61545LU859842G","intent":"sale","state":"created","payer":{"payment_method":"paypal"},"transactions":[{"amount":{"total":"80.00","currency":"EUR","details":{"subtotal":"80.00","tax":"0.00"}},"invoice_number":"5eca19692a3b0","item_list":{"items":[{"name":"booking","sku":"booking","price":"80.00","currency":"EUR","quantity":1}]},"related_resources":[]}],"create_time":"2020-05-24T06:51:22Z","links":[{"href":"https://api.sandbox.paypal.com/v1/payments/payment/PAYID-L3FBS2Q82A61545LU859842G","rel":"self","method":"GET"},{"href":"https://www.sandbox.paypal.com/cgi-bin/webscr?cmd=_express-checkout&token=EC-49J1608247723405K","rel":"approval_url","method":"REDIRECT"},{"href":"https://api.sandbox.paypal.com/v1/payments/payment/PAYID-L3FBS2Q82A61545LU859842G/execute","rel":"execute","method":"POST"}]}

================================================================================================================================

[24-05-2020 06:55:00] PayPal\Core\PayPalHttpConnection : INFO: POST https://api.sandbox.paypal.com/v1/payments/payment
[24-05-2020 06:55:01] PayPal\Core\PayPalHttpConnection : DEBUG: Request Headers 	: POST /v1/payments/payment HTTP/1.1, Host: api.sandbox.paypal.com, Accept: */*, Content-Type: application/json, User-Agent: PayPalSDK/PayPal-PHP-SDK 1.14.0 (platform-ver=7.3.14; bit=64; os=Linux_3.10.0-1062.9.1.el7.x86_64; machine=x86_64; crypto-lib-ver=1.0.2k; curl=7.29.0), Authorization: Bearer A21AAGlwjp7nh6bDzZ8k0E5JImaiTzWS12RMG9gi7L5zyW4qOjHsqw3iOnTEwu5uBWqmvrIAPWo28T3L0jL-XBcc9TDecEvtA, Content-Length: 464, , 
[24-05-2020 06:55:01] PayPal\Core\PayPalHttpConnection : DEBUG: Request Data		: {"intent":"sale","payer":{"payment_method":"paypal"},"redirect_urls":{"return_url":"https://docbooking.demodl.pro/index.php/checkout/payment/success","cancel_url":"https://docbooking.demodl.pro/index.php/checkout/payment/failure"},"transactions":[{"amount":{"currency":"EUR","total":"80","details":{"tax":"0","subtotal":"80"}},"item_list":{"items":[{"name":"booking","currency":"EUR","quantity":1,"sku":"booking","price":"80"}]},"invoice_number":"5eca1a440eb61"}]}
--------------------------------------------------------------------------------------------------------------------------------

[24-05-2020 06:55:01] PayPal\Core\PayPalHttpConnection : INFO: Response Status 	: 201
[24-05-2020 06:55:01] PayPal\Core\PayPalHttpConnection : DEBUG: Response Headers	: Cache-Control: max-age=0, no-cache, no-store, must-revalidate, Content-Language: *, Content-Length: 825, Content-Type: application/json, Date: Sun, 24 May 2020 06:55:01 GMT, Paypal-Debug-Id: 8fcbad5b74ec8, 
[24-05-2020 06:55:01] PayPal\Core\PayPalHttpConnection : DEBUG: Response Data 	: {"id":"PAYID-L3FBURI3A079239SB262293C","intent":"sale","state":"created","payer":{"payment_method":"paypal"},"transactions":[{"amount":{"total":"80.00","currency":"EUR","details":{"subtotal":"80.00","tax":"0.00"}},"invoice_number":"5eca1a440eb61","item_list":{"items":[{"name":"booking","sku":"booking","price":"80.00","currency":"EUR","quantity":1}]},"related_resources":[]}],"create_time":"2020-05-24T06:55:00Z","links":[{"href":"https://api.sandbox.paypal.com/v1/payments/payment/PAYID-L3FBURI3A079239SB262293C","rel":"self","method":"GET"},{"href":"https://www.sandbox.paypal.com/cgi-bin/webscr?cmd=_express-checkout&token=EC-0JV64912YD896104V","rel":"approval_url","method":"REDIRECT"},{"href":"https://api.sandbox.paypal.com/v1/payments/payment/PAYID-L3FBURI3A079239SB262293C/execute","rel":"execute","method":"POST"}]}

================================================================================================================================

